Added Component: Designator=C27(C1206L)
Add component (AddParameter): Name = "Part Number"; Value = "3DZ0040032"; VariantName = "[No Variations]"
Add component (AddParameter): Name = "specification"; Value = "Pb-free,1206L,100nF,NPO,±10%,50V,-55℃～125℃,N（三层电镀端头）,带装"; VariantName = "[No Variations]"
Add component (AddParameter): Name = "Value"; Value = "100n"; VariantName = "[No Variations]"
Added Component: Designator=U2(SST39VF800A 70 4I EKE)
Added Component: Designator=U?(IS61LV25616AL-10TL)
Added Pin To Net: NetName=FLASHCS Pin=U2-26
Added Net: Name=FLASHCS
Added Pin To Net: NetName=GND Pin=C27-1
Added Pin To Net: NetName=GND Pin=U2-27
Added Pin To Net: NetName=GND Pin=U2-46
Added Net: Name=GND
Added Pin To Net: NetName=RD Pin=U2-28
Added Net: Name=RD
Added Pin To Net: NetName=VCC Pin=C27-2
Added Pin To Net: NetName=VCC Pin=U2-37
Added Net: Name=VCC
Added Pin To Net: NetName=WR Pin=U2-11
Added Net: Name=WR
Added Pin To Net: NetName=XA0 Pin=U2-13
Added Pin To Net: NetName=XA0 Pin=U2-15
Added Pin To Net: NetName=XA0 Pin=U2-25
Added Pin To Net: NetName=XA0 Pin=U2-47
Added Pin To Net: NetName=XA0 Pin=U?-1
Added Pin To Net: NetName=XA0 Pin=U?-24
Added Pin To Net: NetName=XA0 Pin=U?-26
Added Pin To Net: NetName=XA0 Pin=U?-29
Added Pin To Net: NetName=XA0 Pin=U?-31
Added Pin To Net: NetName=XA0 Pin=U?-35
Added Pin To Net: NetName=XA0 Pin=U?-37
Added Pin To Net: NetName=XA0 Pin=U?-43
Added Net: Name=XA0
Added Pin To Net: NetName=XA1 Pin=U2-10
Added Pin To Net: NetName=XA1 Pin=U2-12
Added Pin To Net: NetName=XA1 Pin=U2-14
Added Pin To Net: NetName=XA1 Pin=U2-24
Added Pin To Net: NetName=XA1 Pin=U?-2
Added Net: Name=XA1
Added Pin To Net: NetName=XA2 Pin=U2-23
Added Net: Name=XA2
Added Pin To Net: NetName=XA3 Pin=U2-22
Added Pin To Net: NetName=XA3 Pin=U?-3
Added Net: Name=XA3
Added Pin To Net: NetName=XA4 Pin=U2-21
Added Net: Name=XA4
Added Pin To Net: NetName=XA5 Pin=U2-20
Added Net: Name=XA5
Added Pin To Net: NetName=XA6 Pin=U2-19
Added Net: Name=XA6
Added Pin To Net: NetName=XA7 Pin=U2-18
Added Net: Name=XA7
Added Pin To Net: NetName=XA8 Pin=U2-8
Added Net: Name=XA8
Added Pin To Net: NetName=XA9 Pin=U2-7
Added Net: Name=XA9
Added Pin To Net: NetName=XA10 Pin=U2-6
Added Net: Name=XA10
Added Pin To Net: NetName=XA11 Pin=U2-5
Added Net: Name=XA11
Added Pin To Net: NetName=XA12 Pin=U2-4
Added Net: Name=XA12
Added Pin To Net: NetName=XA13 Pin=U2-3
Added Net: Name=XA13
Added Pin To Net: NetName=XA14 Pin=U2-2
Added Net: Name=XA14
Added Pin To Net: NetName=XA15 Pin=U2-1
Added Net: Name=XA15
Added Pin To Net: NetName=XA16 Pin=U2-48
Added Pin To Net: NetName=XA16 Pin=U?-4
Added Pin To Net: NetName=XA16 Pin=U?-5
Added Pin To Net: NetName=XA16 Pin=U?-7
Added Pin To Net: NetName=XA16 Pin=U?-8
Added Pin To Net: NetName=XA16 Pin=U?-9
Added Pin To Net: NetName=XA16 Pin=U?-10
Added Pin To Net: NetName=XA16 Pin=U?-13
Added Pin To Net: NetName=XA16 Pin=U?-14
Added Pin To Net: NetName=XA16 Pin=U?-15
Added Pin To Net: NetName=XA16 Pin=U?-16
Added Pin To Net: NetName=XA16 Pin=U?-18
Added Pin To Net: NetName=XA16 Pin=U?-19
Added Pin To Net: NetName=XA16 Pin=U?-20
Added Pin To Net: NetName=XA16 Pin=U?-21
Added Pin To Net: NetName=XA16 Pin=U?-22
Added Pin To Net: NetName=XA16 Pin=U?-23
Added Pin To Net: NetName=XA16 Pin=U?-25
Added Pin To Net: NetName=XA16 Pin=U?-27
Added Pin To Net: NetName=XA16 Pin=U?-30
Added Pin To Net: NetName=XA16 Pin=U?-32
Added Pin To Net: NetName=XA16 Pin=U?-36
Added Pin To Net: NetName=XA16 Pin=U?-38
Added Pin To Net: NetName=XA16 Pin=U?-42
Added Pin To Net: NetName=XA16 Pin=U?-44
Added Net: Name=XA16
Added Pin To Net: NetName=XA17 Pin=U2-17
Added Net: Name=XA17
Added Pin To Net: NetName=XA18 Pin=U2-16
Added Net: Name=XA18
Added Pin To Net: NetName=XD0 Pin=U2-29
Added Net: Name=XD0
Added Pin To Net: NetName=XD1 Pin=U2-31
Added Net: Name=XD1
Added Pin To Net: NetName=XD2 Pin=U2-33
Added Net: Name=XD2
Added Pin To Net: NetName=XD3 Pin=U2-35
Added Net: Name=XD3
Added Pin To Net: NetName=XD4 Pin=U2-38
Added Net: Name=XD4
Added Pin To Net: NetName=XD5 Pin=U2-40
Added Net: Name=XD5
Added Pin To Net: NetName=XD6 Pin=U2-42
Added Net: Name=XD6
Added Pin To Net: NetName=XD7 Pin=U2-44
Added Net: Name=XD7
Added Pin To Net: NetName=XD8 Pin=U2-30
Added Net: Name=XD8
Added Pin To Net: NetName=XD9 Pin=U2-32
Added Net: Name=XD9
Added Pin To Net: NetName=XD10 Pin=U2-34
Added Net: Name=XD10
Added Pin To Net: NetName=XD11 Pin=U2-36
Added Net: Name=XD11
Added Pin To Net: NetName=XD12 Pin=U2-39
Added Net: Name=XD12
Added Pin To Net: NetName=XD13 Pin=U2-41
Added Net: Name=XD13
Added Pin To Net: NetName=XD14 Pin=U2-43
Added Net: Name=XD14
Added Pin To Net: NetName=XD15 Pin=U2-45
Added Net: Name=XD15
Added Class: Name=核心板原理图
Added Room: Name=核心板原理图
