Removed Pin From Net: NetName=+5 Pin=C97-1
Removed Pin From Net: NetName=+5 Pin=C98-1
Removed Pin From Net: NetName=+5 Pin=C99-1
Removed Pin From Net: NetName=+5 Pin=C100-1
Removed Pin From Net: NetName=+5 Pin=C101-1
Removed Pin From Net: NetName=+5 Pin=C102-1
Removed Pin From Net: NetName=+5 Pin=C103-1
Removed Pin From Net: NetName=+5 Pin=C104-1
Removed Pin From Net: NetName=+5 Pin=C105-1
Removed Pin From Net: NetName=+5 Pin=C106-1
Removed Pin From Net: NetName=+5 Pin=C107-1
Removed Pin From Net: NetName=+5 Pin=C108-1
Removed Pin From Net: NetName=+5 Pin=C109-1
Removed Pin From Net: NetName=+5 Pin=C110-1
Removed Pin From Net: NetName=+5 Pin=C111-1
Removed Pin From Net: NetName=+5 Pin=C112-1
Removed Pin From Net: NetName=+5 Pin=C113-1
Removed Pin From Net: NetName=+5 Pin=C114-1
Removed Pin From Net: NetName=+5 Pin=C115-1
Removed Pin From Net: NetName=UD+ Pin=P3-2
Removed Pin From Net: NetName=UD- Pin=P3-3
Removed Pin From Net: NetName=VCC Pin=U14-4
Added Pin To Net: NetName=3.3V Pin=C97-1
Added Pin To Net: NetName=3.3V Pin=C98-1
Added Pin To Net: NetName=3.3V Pin=C99-1
Added Pin To Net: NetName=3.3V Pin=C100-1
Added Pin To Net: NetName=3.3V Pin=C101-1
Added Pin To Net: NetName=3.3V Pin=C102-1
Added Pin To Net: NetName=3.3V Pin=C103-1
Added Pin To Net: NetName=3.3V Pin=C104-1
Added Pin To Net: NetName=3.3V Pin=C105-1
Added Pin To Net: NetName=3.3V Pin=C106-1
Added Pin To Net: NetName=3.3V Pin=C107-1
Added Pin To Net: NetName=3.3V Pin=C108-1
Added Pin To Net: NetName=3.3V Pin=C109-1
Added Pin To Net: NetName=3.3V Pin=C110-1
Added Pin To Net: NetName=3.3V Pin=C111-1
Added Pin To Net: NetName=3.3V Pin=C112-1
Added Pin To Net: NetName=3.3V Pin=C113-1
Added Pin To Net: NetName=3.3V Pin=C114-1
Added Pin To Net: NetName=3.3V Pin=C115-1
Added Pin To Net: NetName=UD- Pin=P3-2
Added Pin To Net: NetName=UD+ Pin=P3-3
Added Pin To Net: NetName=-VCC Pin=U14-4
Added Pin To Net: NetName=DSP_IO2/QEPB Pin=U28-9
Added Pin To Net: NetName=SCAP4 Pin=U28-135
Added Room: Name=Sheet1
