Removed Pin From Net: NetName=D0 Pin=P6-1
Removed Pin From Net: NetName=D1 Pin=P6-2
Removed Pin From Net: NetName=D2 Pin=P6-3
Removed Pin From Net: NetName=D3 Pin=P6-4
Removed Pin From Net: NetName=D4 Pin=P6-5
Removed Pin From Net: NetName=D5 Pin=P6-6
Removed Pin From Net: NetName=D6 Pin=P6-7
Removed Pin From Net: NetName=D7 Pin=P6-8
Removed Pin From Net: NetName=D8 Pin=P6-9
Removed Pin From Net: NetName=D9 Pin=P6-10
Removed Pin From Net: NetName=D10 Pin=P6-11
Removed Pin From Net: NetName=D11 Pin=P6-12
Removed Pin From Net: NetName=D12 Pin=P6-13
Removed Pin From Net: NetName=D13 Pin=P6-14
Removed Pin From Net: NetName=D14 Pin=P6-15
Removed Pin From Net: NetName=D15 Pin=P6-16
Removed Pin From Net: NetName=ADINB0 Pin=P6-17
Removed Pin From Net: NetName=ADINB1 Pin=P6-18
Removed Pin From Net: NetName=ADINB2 Pin=P6-19
Removed Pin From Net: NetName=ADINB3 Pin=P6-20
Removed Pin From Net: NetName=ADINB4 Pin=P6-21
Removed Pin From Net: NetName=ADINB5 Pin=P6-22
Removed Pin From Net: NetName=ADINB6 Pin=P6-23
Removed Pin From Net: NetName=ADINB7 Pin=P6-24
Removed Pin From Net: NetName=AD2 SERPAR SEL Pin=P6-25
Removed Pin From Net: NetName=AD2 BUSY Pin=P6-27
Removed Pin From Net: NetName=XADS2 Pin=P6-28
Removed Pin From Net: NetName=AD2 STBY Pin=P6-30
Add Pin To Net: Unknown Pin: Pin C42-2
Added Pin To Net: NetName=D0 Pin=P6-15
Added Pin To Net: NetName=D1 Pin=P6-16
Added Pin To Net: NetName=D2 Pin=P6-17
Added Pin To Net: NetName=D3 Pin=P6-18
Added Pin To Net: NetName=D4 Pin=P6-19
Added Pin To Net: NetName=D5 Pin=P6-20
Added Pin To Net: NetName=D6 Pin=P6-21
Added Pin To Net: NetName=D7 Pin=P6-22
Added Pin To Net: NetName=D8 Pin=P6-23
Added Pin To Net: NetName=D9 Pin=P6-24
Added Pin To Net: NetName=D10 Pin=P6-25
Added Pin To Net: NetName=D11 Pin=P6-26
Added Pin To Net: NetName=D12 Pin=P6-27
Added Pin To Net: NetName=D13 Pin=P6-28
Added Pin To Net: NetName=D14 Pin=P6-29
Added Pin To Net: NetName=D15 Pin=P6-30
Added Pin To Net: NetName=XRD* Pin=11-12
Added Net: Name=XRD*
