Added Component: Designator=+C8(C1206)
Add component (AddParameter): Name = "Part Number"; Value = "3DZ0040212"; VariantName = "[No Variations]"
Add component (AddParameter): Name = "specification"; Value = "Pb-free,贴片钽电容,10uF,±10%,25V,SMD,B型(3528),-25～+85℃,带装"; VariantName = "[No Variations]"
Add component (AddParameter): Name = "Value"; Value = "10u/25V"; VariantName = "[No Variations]"
Add Component: Footprint Not Found C_TAN_B(3528)
Added Component: Designator=+C15(C0805)
Add component (AddParameter): Name = "Part Number"; Value = "3DZ0040212"; VariantName = "[No Variations]"
Add component (AddParameter): Name = "specification"; Value = "Pb-free,贴片钽电容,10uF,±10%,25V,SMD,B型(3528),-25～+85℃,带装"; VariantName = "[No Variations]"
Add component (AddParameter): Name = "Value"; Value = "10u/25V"; VariantName = "[No Variations]"
Add Component: Footprint Not Found C_TAN_B(3528)
Add Component: Footprint Not Found C_TAN_B(3528)
Add Component: Footprint Not Found C_TAN_B(3528)
Added Component: Designator=11(LQFP-64_L10.0-W10.0-P0.50-LS12.0-BL)
Add Component: Footprint Not Found C1206L
Add Component: Footprint Not Found C1206L
Add Component: Footprint Not Found C1206L
Add Component: Footprint Not Found C1206L
Add Component: Footprint Not Found C1206L
Add Component: Footprint Not Found C1206L
Add Component: Footprint Not Found C1206L
Add Component: Footprint Not Found C1206L
Add Component: Footprint Not Found C1206L
Add Component: Footprint Not Found C_TAN_B(3528)
Add Component: Footprint Not Found C_TAN_B(3528)
Add Component: Footprint Not Found C_TAN_B(3528)
Add Component: Footprint Not Found C_TAN_B(3528)
Add Component: Footprint Not Found C1206L
Add Component: Footprint Not Found L0603L
Added Component: Designator=P3(HDR1X3)
Add component (AddParameter): Name = "LatestRevisionDate"; Value = "17-Jul-2002"; VariantName = "[No Variations]"
Add component (AddParameter): Name = "LatestRevisionNote"; Value = "Re-released for DXP Platform."; VariantName = "[No Variations]"
Add component (AddParameter): Name = "Publisher"; Value = "Altium Limited"; VariantName = "[No Variations]"
Added Component: Designator=P4(HDR1X3)
Add component (AddParameter): Name = "LatestRevisionDate"; Value = "17-Jul-2002"; VariantName = "[No Variations]"
Add component (AddParameter): Name = "LatestRevisionNote"; Value = "Re-released for DXP Platform."; VariantName = "[No Variations]"
Add component (AddParameter): Name = "Publisher"; Value = "Altium Limited"; VariantName = "[No Variations]"
Added Component: Designator=P5(HDR1X3)
Add component (AddParameter): Name = "LatestRevisionDate"; Value = "17-Jul-2002"; VariantName = "[No Variations]"
Add component (AddParameter): Name = "LatestRevisionNote"; Value = "Re-released for DXP Platform."; VariantName = "[No Variations]"
Add component (AddParameter): Name = "Publisher"; Value = "Altium Limited"; VariantName = "[No Variations]"
Added Component: Designator=P6(HDR1X30)
Add component (AddParameter): Name = "LatestRevisionDate"; Value = "17-Jul-2002"; VariantName = "[No Variations]"
Add component (AddParameter): Name = "LatestRevisionNote"; Value = "Re-released for DXP Platform."; VariantName = "[No Variations]"
Add component (AddParameter): Name = "Publisher"; Value = "Altium Limited"; VariantName = "[No Variations]"
Added Component: Designator=R9(AXIAL-0.4)
Add component (AddParameter): Name = "Part Number"; Value = "3DZ0030046"; VariantName = "[No Variations]"
Add component (AddParameter): Name = "specification"; Value = "Pb-free,0805,300Ω,1%,1/8W,±100PPM,100V,-55℃～155℃"; VariantName = "[No Variations]"
Add component (AddParameter): Name = "value"; Value = "0805/4K3/5%"; VariantName = "[No Variations]"
Added Component: Designator=R10(AXIAL-0.4)
Add component (AddParameter): Name = "Part Number"; Value = "3DZ0030046"; VariantName = "[No Variations]"
Add component (AddParameter): Name = "specification"; Value = "Pb-free,0805,300Ω,1%,1/8W,±100PPM,100V,-55℃～155℃"; VariantName = "[No Variations]"
Add component (AddParameter): Name = "value"; Value = "0805/4K3/5%"; VariantName = "[No Variations]"
Added Component: Designator=R13(AXIAL-0.4)
Add component (AddParameter): Name = "Part Number"; Value = "3DZ0030046"; VariantName = "[No Variations]"
Add component (AddParameter): Name = "specification"; Value = "Pb-free,0805,300Ω,1%,1/8W,±100PPM,100V,-55℃～155℃"; VariantName = "[No Variations]"
Add component (AddParameter): Name = "value"; Value = "0805/4K3/5%"; VariantName = "[No Variations]"
Added Component: Designator=R15(AXIAL-0.4)
Add component (AddParameter): Name = "Part Number"; Value = "3DZ0030046"; VariantName = "[No Variations]"
Add component (AddParameter): Name = "specification"; Value = "Pb-free,0805,300Ω,1%,1/8W,±100PPM,100V,-55℃～155℃"; VariantName = "[No Variations]"
Add component (AddParameter): Name = "value"; Value = "0805/4K3/5%"; VariantName = "[No Variations]"
Added Component: Designator=R17(AXIAL-0.4)
Add component (AddParameter): Name = "Part Number"; Value = "3DZ0030050"; VariantName = "[No Variations]"
Add component (AddParameter): Name = "specification"; Value = "Pb-free,0805,36kΩ,1%,1/8W,±100PPM,100V,-55℃～155℃"; VariantName = "[No Variations]"
Add component (AddParameter): Name = "value"; Value = "36K"; VariantName = "[No Variations]"
Added Component: Designator=R19(AXIAL-0.4)
Add component (AddParameter): Name = "Part Number"; Value = "3DZ0030050"; VariantName = "[No Variations]"
Add component (AddParameter): Name = "specification"; Value = "Pb-free,0805,36kΩ,1%,1/8W,±100PPM,100V,-55℃～155℃"; VariantName = "[No Variations]"
Add component (AddParameter): Name = "value"; Value = "36K"; VariantName = "[No Variations]"
Added Component: Designator=R21(AXIAL-0.4)
Add component (AddParameter): Name = "Part Number"; Value = "3DZ0030050"; VariantName = "[No Variations]"
Add component (AddParameter): Name = "specification"; Value = "Pb-free,0805,36kΩ,1%,1/8W,±100PPM,100V,-55℃～155℃"; VariantName = "[No Variations]"
Add component (AddParameter): Name = "value"; Value = "36K"; VariantName = "[No Variations]"
Added Component: Designator=R?(AXIAL-0.4)
Add component (AddParameter): Name = "LatestRevisionDate"; Value = "17-Jul-2002"; VariantName = "[No Variations]"
Add component (AddParameter): Name = "LatestRevisionNote"; Value = "Re-released for DXP Platform."; VariantName = "[No Variations]"
Add component (AddParameter): Name = "PackageDescription"; Value = "Axial Device, Thru-Hole; 2 Leads; 0.4 in Pin Spacing"; VariantName = "[No Variations]"
Add component (AddParameter): Name = "PackageReference"; Value = "AXIAL-0.4"; VariantName = "[No Variations]"
Add component (AddParameter): Name = "Published"; Value = "8-Jun-2000"; VariantName = "[No Variations]"
Add component (AddParameter): Name = "Publisher"; Value = "Altium Limited"; VariantName = "[No Variations]"
Add component (AddParameter): Name = "Value"; Value = "1K"; VariantName = "[No Variations]"
Added Pin To Net: NetName=0V Pin=11-43
Added Pin To Net: NetName=0V Pin=11-46
Added Pin To Net: NetName=0V Pin=11-50
Added Pin To Net: NetName=0V Pin=11-52
Added Pin To Net: NetName=0V Pin=11-54
Added Pin To Net: NetName=0V Pin=11-56
Added Pin To Net: NetName=0V Pin=11-58
Added Pin To Net: NetName=0V Pin=11-60
Added Pin To Net: NetName=0V Pin=11-62
Added Pin To Net: NetName=0V Pin=11-64
Added Pin To Net: NetName=0V Pin=+C8-2
Added Net: Name=0V
Added Pin To Net: NetName=3.3V Pin=11-23
Added Pin To Net: NetName=3.3V Pin=P3-3
Added Pin To Net: NetName=3.3V Pin=R15-1
Added Net: Name=3.3V
Added Pin To Net: NetName=AD2 BUSY Pin=11-14
Added Pin To Net: NetName=AD2 BUSY Pin=P6-27
Added Net: Name=AD2 BUSY
Added Pin To Net: NetName=AD2 OS0 Pin=11-3
Added Pin To Net: NetName=AD2 OS0 Pin=R21-1
Added Net: Name=AD2 OS0
Added Pin To Net: NetName=AD2 OS1 Pin=11-4
Added Pin To Net: NetName=AD2 OS1 Pin=R19-1
Added Net: Name=AD2 OS1
Added Pin To Net: NetName=AD2 OS2 Pin=11-5
Added Pin To Net: NetName=AD2 OS2 Pin=R17-1
Added Net: Name=AD2 OS2
Added Pin To Net: NetName=AD2 RANGE Pin=11-8
Added Pin To Net: NetName=AD2 RANGE Pin=R9-1
Added Net: Name=AD2 RANGE
Added Pin To Net: NetName=AD2 REFCAP Pin=11-44
Added Pin To Net: NetName=AD2 REFCAP Pin=11-45
Added Net: Name=AD2 REFCAP
Added Pin To Net: NetName=AD2 REFSEL Pin=11-34
Added Pin To Net: NetName=AD2 REFSEL Pin=R13-1
Added Net: Name=AD2 REFSEL
Added Pin To Net: NetName=AD2 SERPAR SEL Pin=11-6
Added Pin To Net: NetName=AD2 SERPAR SEL Pin=P6-25
Added Pin To Net: NetName=AD2 SERPAR SEL Pin=R10-2
Added Net: Name=AD2 SERPAR SEL
Added Pin To Net: NetName=AD2 STBY Pin=11-7
Added Pin To Net: NetName=AD2 STBY Pin=P6-30
Added Pin To Net: NetName=AD2 STBY Pin=R15-2
Added Net: Name=AD2 STBY
Added Pin To Net: NetName=AD-CON Pin=11-9
Added Pin To Net: NetName=AD-CON Pin=11-10
Added Pin To Net: NetName=AD-CON Pin=P6-26
Added Net: Name=AD-CON
Added Pin To Net: NetName=ADINB0 Pin=11-49
Added Pin To Net: NetName=ADINB0 Pin=P6-17
Added Net: Name=ADINB0
Added Pin To Net: NetName=ADINB1 Pin=11-51
Added Pin To Net: NetName=ADINB1 Pin=P6-18
Added Net: Name=ADINB1
Added Pin To Net: NetName=ADINB2 Pin=11-53
Added Pin To Net: NetName=ADINB2 Pin=P6-19
Added Net: Name=ADINB2
Added Pin To Net: NetName=ADINB3 Pin=11-55
Added Pin To Net: NetName=ADINB3 Pin=P6-20
Added Net: Name=ADINB3
Added Pin To Net: NetName=ADINB4 Pin=11-57
Added Pin To Net: NetName=ADINB4 Pin=P6-21
Added Net: Name=ADINB4
Added Pin To Net: NetName=ADINB5 Pin=11-59
Added Pin To Net: NetName=ADINB5 Pin=P6-22
Added Net: Name=ADINB5
Added Pin To Net: NetName=ADINB6 Pin=11-61
Added Pin To Net: NetName=ADINB6 Pin=P6-23
Added Net: Name=ADINB6
Added Pin To Net: NetName=ADINB7 Pin=11-63
Added Pin To Net: NetName=ADINB7 Pin=P6-24
Added Net: Name=ADINB7
Added Pin To Net: NetName=ADR421 VOUT Pin=11-42
Added Pin To Net: NetName=ADR421 VOUT Pin=+C8-1
Added Net: Name=ADR421 VOUT
Added Pin To Net: NetName=AD VACC Pin=11-1
Added Pin To Net: NetName=AD VACC Pin=11-37
Added Pin To Net: NetName=AD VACC Pin=11-38
Added Pin To Net: NetName=AD VACC Pin=11-48
Added Net: Name=AD VACC
Added Pin To Net: NetName=AGND Pin=11-2
Added Pin To Net: NetName=AGND Pin=11-26
Added Pin To Net: NetName=AGND Pin=11-35
Added Pin To Net: NetName=AGND Pin=11-40
Added Pin To Net: NetName=AGND Pin=11-41
Added Pin To Net: NetName=AGND Pin=11-47
Added Pin To Net: NetName=AGND Pin=+C15-2
Added Pin To Net: NetName=AGND Pin=P3-1
Added Pin To Net: NetName=AGND Pin=P4-3
Added Pin To Net: NetName=AGND Pin=R10-1
Added Pin To Net: NetName=AGND Pin=R13-2
Added Pin To Net: NetName=AGND Pin=R17-2
Added Pin To Net: NetName=AGND Pin=R19-2
Added Pin To Net: NetName=AGND Pin=R21-2
Added Net: Name=AGND
Added Pin To Net: NetName=Net11_36 Pin=11-36
Added Pin To Net: NetName=Net11_36 Pin=+C15-1
Added Net: Name=Net11_36
Added Pin To Net: NetName=Net11_39 Pin=11-39
Added Net: Name=Net11_39
Added Net: Name=Net+C25_2
Added Net: Name=NetC41_1
Added Pin To Net: NetName=NetP3_2 Pin=P3-2
Added Pin To Net: NetName=NetP3_2 Pin=R9-2
Added Net: Name=NetP3_2
Added Pin To Net: NetName=XAD* Pin=11-12
Added Pin To Net: NetName=XAD* Pin=P6-29
Added Net: Name=XAD*
Added Pin To Net: NetName=XADS2 Pin=11-13
Added Pin To Net: NetName=XADS2 Pin=P6-28
Added Net: Name=XADS2
Added Member To Class: ClassName=ADC Member=Component +C8 CD10u/25V-B(3528)
Add Class Member: Failed to add class member : Component +C9 CD10u/25V-B(3528)
Added Member To Class: ClassName=ADC Member=Component +C15 CD10u/25V-B(3528)
Add Class Member: Failed to add class member : Component +C16 CD10u/25V-B(3528)
Add Class Member: Failed to add class member : Component +C25 CD10u/25V-B(3528)
Add Class Member: Failed to add class member : Component +C26 CD10u/25V-B(3528)
Added Member To Class: ClassName=ADC Member=Component 11 Component_1
Add Class Member: Failed to add class member : Component C7 C100n-1206
Add Class Member: Failed to add class member : Component C10 C100n-1206
Add Class Member: Failed to add class member : Component C17 C100n-1206
Add Class Member: Failed to add class member : Component C18 C100n-1206
Add Class Member: Failed to add class member : Component C23 C100n-1206
Add Class Member: Failed to add class member : Component C27 C100n-1206
Add Class Member: Failed to add class member : Component C28 C100n-1206
Add Class Member: Failed to add class member : Component C34 C100n-1206
Add Class Member: Failed to add class member : Component C35 C100n-1206
Add Class Member: Failed to add class member : Component C38 CD10u/25V-B(3528)
Add Class Member: Failed to add class member : Component C39 CD10u/25V-B(3528)
Add Class Member: Failed to add class member : Component C40 CD10u/25V-B(3528)
Add Class Member: Failed to add class member : Component C41 CD10u/25V-B(3528)
Add Class Member: Failed to add class member : Component C42 C100n-1206
Add Class Member: Failed to add class member : Component L1 L180R-0603
Added Member To Class: ClassName=ADC Member=Component P3 Header 3
Added Member To Class: ClassName=ADC Member=Component P4 Header 3
Added Member To Class: ClassName=ADC Member=Component P5 Header 3
Added Member To Class: ClassName=ADC Member=Component P6 Header 30
Added Member To Class: ClassName=ADC Member=Component R9 R300R-0805
Added Member To Class: ClassName=ADC Member=Component R10 R300R-0805
Added Member To Class: ClassName=ADC Member=Component R13 R300R-0805
Added Member To Class: ClassName=ADC Member=Component R15 R300R-0805
Added Member To Class: ClassName=ADC Member=Component R17 R36K-0805
Added Member To Class: ClassName=ADC Member=Component R19 R36K-0805
Added Member To Class: ClassName=ADC Member=Component R21 R36K-0805
Added Member To Class: ClassName=ADC Member=Component R? Res2
Added Room: Name=ADC
