Added Pin To Net: NetName=0V Pin=+C9-1
Added Pin To Net: NetName=AGND Pin=+C15-1
Added Pin To Net: NetName=AGND Pin=+C16-1
Added Pin To Net: NetName=AGND Pin=+C25-1
Added Pin To Net: NetName=AGND Pin=+C26-1
Added Pin To Net: NetName=AGND Pin=11-1
Added Pin To Net: NetName=AD-CON Pin=11-13
Added Pin To Net: NetName=AD-CON Pin=11-14
Added Pin To Net: NetName=AGND Pin=11-23
Added Pin To Net: NetName=AGND Pin=11-36
Added Pin To Net: NetName=AGND Pin=11-37
Added Pin To Net: NetName=AGND Pin=11-38
Added Pin To Net: NetName=AGND Pin=11-39
Added Pin To Net: NetName=0V Pin=11-44
Added Pin To Net: NetName=0V Pin=11-45
Added Pin To Net: NetName=AGND Pin=11-48
Added Pin To Net: NetName=0V Pin=C10-2
Added Pin To Net: NetName=AGND Pin=C17-2
Added Pin To Net: NetName=AGND Pin=C18-2
Added Pin To Net: NetName=AGND Pin=C23-2
Added Pin To Net: NetName=AGND Pin=C27-2
Added Pin To Net: NetName=AGND Pin=C28-2
Added Pin To Net: NetName=AGND Pin=C34-2
Added Pin To Net: NetName=AGND Pin=C35-2
Added Pin To Net: NetName=AGND Pin=C38-1
Added Pin To Net: NetName=AGND Pin=C39-1
Added Pin To Net: NetName=AGND Pin=C40-1
Added Pin To Net: NetName=AGND Pin=L1-1
Added Pin To Net: NetName=AGND Pin=P3-3
Added Pin To Net: NetName=AD-CON Pin=P6-27
Added Pin To Net: NetName=AD-CON Pin=P6-28
Added Pin To Net: NetName=AGND Pin=R15-1
Change Net Name : Old Net Name=AD-CON New Net Name=AD2 BUSY
Change Net Name : Old Net Name=ADR421 VOUT New Net Name=Net11_42
Change Net Name : Old Net Name=AGND New Net Name=3.3V
Added Room: Name=ADC
