Removed Member From Class: ClassName=ADC Member=+C8
Removed Member From Class: ClassName=ADC Member=+C9
Removed Member From Class: ClassName=ADC Member=+C15
Removed Member From Class: ClassName=ADC Member=+C16
Removed Member From Class: ClassName=ADC Member=+C25
Removed Member From Class: ClassName=ADC Member=+C26
Removed Member From Class: ClassName=ADC Member=11
Removed Member From Class: ClassName=ADC Member=C7
Removed Member From Class: ClassName=ADC Member=C10
Removed Member From Class: ClassName=ADC Member=C17
Removed Member From Class: ClassName=ADC Member=C18
Removed Member From Class: ClassName=ADC Member=C23
Removed Member From Class: ClassName=ADC Member=C27
Removed Member From Class: ClassName=ADC Member=C28
Removed Member From Class: ClassName=ADC Member=C34
Removed Member From Class: ClassName=ADC Member=C35
Removed Member From Class: ClassName=ADC Member=C38
Removed Member From Class: ClassName=ADC Member=C39
Removed Member From Class: ClassName=ADC Member=C40
Removed Member From Class: ClassName=ADC Member=C41
Removed Member From Class: ClassName=ADC Member=C42
Removed Member From Class: ClassName=ADC Member=L1
Removed Member From Class: ClassName=ADC Member=P3
Removed Member From Class: ClassName=ADC Member=P4
Removed Member From Class: ClassName=ADC Member=P5
Removed Member From Class: ClassName=ADC Member=P6
Removed Member From Class: ClassName=ADC Member=R9
Removed Member From Class: ClassName=ADC Member=R10
Removed Member From Class: ClassName=ADC Member=R13
Removed Member From Class: ClassName=ADC Member=R15
Removed Member From Class: ClassName=ADC Member=R17
Removed Member From Class: ClassName=ADC Member=R19
Removed Member From Class: ClassName=ADC Member=R21
Removed Member From Class: ClassName=ADC Member=U1
Add object: Catastrophic failure (Exception from HRESULT: 0x8000FFFF (E_UNEXPECTED))
Add Class Member: Failed to add class member : Component U? CH395L
Added Room: Name=ADC
